<?xml version="1.0" encoding="UTF-8"?>
<!-- Generated by org.testng.reporters.JUnitReportReporter -->
<testsuite hostname="PRO-CND1404P5D" failures="0" tests="1" name="Basic.youtube" time="8.939" errors="0" timestamp="2024-07-28T20:32:02 IST" skipped="0">
  <testcase classname="Basic.youtube" name="test" time="8.939"/>
</testsuite> <!-- Basic.youtube -->
